3 0x000000fff1010000 (0x0010041b) x 8 0x0000000000000001
3 0x000000fff1010004 (0x01f41413) x 8 0x0000000080000000
3 0x000000fff1010008 (0xf1402573) x10 0x0000000000000000
3 0x000000fff101000c (0x00000597) x11 0x000000fff101000c
3 0x000000fff1010010 (0x6b45b583) x11 0x0000000000010080
3 0x000000fff1010014 (0x00040067)
3 0x0000000080000000 (0x4081) x 1 0x0000000000000000
3 0x0000000080000002 (0x4101) x 2 0x0000000000000000
3 0x0000000080000004 (0x4181) x 3 0x0000000000000000
3 0x0000000080000006 (0x4201) x 4 0x0000000000000000
3 0x0000000080000008 (0x4281) x 5 0x0000000000000000
3 0x000000008000000a (0x4301) x 6 0x0000000000000000
3 0x000000008000000c (0x4381) x 7 0x0000000000000000
3 0x000000008000000e (0x4401) x 8 0x0000000000000000
3 0x0000000080000010 (0x4481) x 9 0x0000000000000000
3 0x0000000080000012 (0x4501) x10 0x0000000000000000
3 0x0000000080000014 (0x4581) x11 0x0000000000000000
3 0x0000000080000016 (0x4601) x12 0x0000000000000000
3 0x0000000080000018 (0x4681) x13 0x0000000000000000
3 0x000000008000001a (0x4701) x14 0x0000000000000000
3 0x000000008000001c (0x4781) x15 0x0000000000000000
3 0x000000008000001e (0x4801) x16 0x0000000000000000
3 0x0000000080000020 (0x4881) x17 0x0000000000000000
3 0x0000000080000022 (0x4901) x18 0x0000000000000000
3 0x0000000080000024 (0x4981) x19 0x0000000000000000
3 0x0000000080000026 (0x4a01) x20 0x0000000000000000
3 0x0000000080000028 (0x4a81) x21 0x0000000000000000
3 0x000000008000002a (0x4b01) x22 0x0000000000000000
3 0x000000008000002c (0x4b81) x23 0x0000000000000000
3 0x000000008000002e (0x4c01) x24 0x0000000000000000
3 0x0000000080000030 (0x4c81) x25 0x0000000000000000
3 0x0000000080000032 (0x4d01) x26 0x0000000000000000
3 0x0000000080000034 (0x4d81) x27 0x0000000000000000
3 0x0000000080000036 (0x4e01) x28 0x0000000000000000
3 0x0000000080000038 (0x4e81) x29 0x0000000000000000
3 0x000000008000003a (0x4f01) x30 0x0000000000000000
3 0x000000008000003c (0x4f81) x31 0x0000000000000000
3 0x000000008000003e (0x62f9) x 5 0x000000000001e000
3 0x0000000080000040 (0x3002a073)
3 0x0000000080000044 (0x4285) x 5 0x0000000000000001
3 0x0000000080000046 (0x02fe) x 5 0x0000000080000000
3 0x0000000080000048 (0x0002d863)
3 0x0000000080000058 (0x00000297) x 5 0x0000000080000058
3 0x000000008000005c (0x09028293) x 5 0x00000000800000e8
3 0x0000000080000060 (0x30529073)
3 0x0000000080000064 (0x00301073)
3 0x0000000080000068 (0xf0000053) f 0 0xffffffff00000000
3 0x000000008000006c (0xf00000d3) f 1 0xffffffff00000000
3 0x0000000080000070 (0xf0000153) f 2 0xffffffff00000000
3 0x0000000080000074 (0xf00001d3) f 3 0xffffffff00000000
3 0x0000000080000078 (0xf0000253) f 4 0xffffffff00000000
3 0x000000008000007c (0xf00002d3) f 5 0xffffffff00000000
3 0x0000000080000080 (0xf0000353) f 6 0xffffffff00000000
3 0x0000000080000084 (0xf00003d3) f 7 0xffffffff00000000
3 0x0000000080000088 (0xf0000453) f 8 0xffffffff00000000
3 0x000000008000008c (0xf00004d3) f 9 0xffffffff00000000
3 0x0000000080000090 (0xf0000553) f10 0xffffffff00000000
3 0x0000000080000094 (0xf00005d3) f11 0xffffffff00000000
3 0x0000000080000098 (0xf0000653) f12 0xffffffff00000000
3 0x000000008000009c (0xf00006d3) f13 0xffffffff00000000
3 0x00000000800000a0 (0xf0000753) f14 0xffffffff00000000
3 0x00000000800000a4 (0xf00007d3) f15 0xffffffff00000000
3 0x00000000800000a8 (0xf0000853) f16 0xffffffff00000000
3 0x00000000800000ac (0xf00008d3) f17 0xffffffff00000000
3 0x00000000800000b0 (0xf0000953) f18 0xffffffff00000000
3 0x00000000800000b4 (0xf00009d3) f19 0xffffffff00000000
3 0x00000000800000b8 (0xf0000a53) f20 0xffffffff00000000
3 0x00000000800000bc (0xf0000ad3) f21 0xffffffff00000000
3 0x00000000800000c0 (0xf0000b53) f22 0xffffffff00000000
3 0x00000000800000c4 (0xf0000bd3) f23 0xffffffff00000000
3 0x00000000800000c8 (0xf0000c53) f24 0xffffffff00000000
3 0x00000000800000cc (0xf0000cd3) f25 0xffffffff00000000
3 0x00000000800000d0 (0xf0000d53) f26 0xffffffff00000000
3 0x00000000800000d4 (0xf0000dd3) f27 0xffffffff00000000
3 0x00000000800000d8 (0xf0000e53) f28 0xffffffff00000000
3 0x00000000800000dc (0xf0000ed3) f29 0xffffffff00000000
3 0x00000000800000e0 (0xf0000f53) f30 0xffffffff00000000
3 0x00000000800000e4 (0xf0000fd3) f31 0xffffffff00000000
3 0x00000000800000e8 (0x00000297) x 5 0x00000000800000e8
3 0x00000000800000ec (0x03828293) x 5 0x0000000080000120
3 0x00000000800000f0 (0x30529073)
3 0x00000000800000f4 (0x00001197) x 3 0x00000000800010f4
3 0x00000000800000f8 (0x0d418193) x 3 0x00000000800011c8
3 0x00000000800000fc (0xa7718213) x 4 0x0000000080000c3f
3 0x0000000080000100 (0xfc027213) x 4 0x0000000080000c00
3 0x0000000080000104 (0xf1402573) x10 0x0000000000000000
3 0x0000000080000108 (0x4585) x11 0x0000000000000001
3 0x000000008000010a (0x00b57063)
3 0x000000008000010e (0x01151613) x12 0x0000000000000000
3 0x0000000080000112 (0x9232) x 4 0x0000000080000c00
3 0x0000000080000114 (0x00150113) x 2 0x0000000000000001
3 0x0000000080000118 (0x0146) x 2 0x0000000000020000
3 0x000000008000011a (0x9112) x 2 0x0000000080020c00
3 0x000000008000011c (0x5c20006f)
3 0x00000000800006de (0x7131) x 2 0x0000000080020b40
3 0x00000000800006e0 (0xf922)
3 0x00000000800006e2 (0xf526)
3 0x00000000800006e4 (0x842e) x 8 0x0000000000000001
3 0x00000000800006e6 (0x84aa) x 9 0x0000000000000000
3 0x00000000800006e8 (0x002c) x11 0x0000000080020b48
3 0x00000000800006ea (0x4509) x10 0x0000000000000002
3 0x00000000800006ec (0xf14a)
3 0x00000000800006ee (0xed4e)
3 0x00000000800006f0 (0xfd06)
3 0x00000000800006f2 (0xe952)
3 0x00000000800006f4 (0xe556)
3 0x00000000800006f6 (0x04f10913) x18 0x0000000080020b8f
3 0x00000000800006fa (0x00910023)
3 0x00000000800006fe (0x008100a3)
3 0x0000000080000702 (0xe40a)
3 0x0000000080000704 (0x1ee000ef) x 1 0x0000000080000708
3 0x00000000800008f2 (0x6198) x14 0x0000000080020b40
3 0x00000000800008f4 (0x1141) x 2 0x0000000080020b30
3 0x00000000800008f6 (0xe022)
3 0x00000000800008f8 (0xe406)
3 0x00000000800008fa (0x00074583) x11 0x0000000000000000
3 0x00000000800008fe (0x9e018413) x 8 0x0000000080000ba8
3 0x0000000080000902 (0x401c) x15 0x0000000000000000
3 0x0000000080000904 (0x2781) x15 0x0000000000000000
3 0x0000000080000906 (0xfef59ee3)
3 0x000000008000090a (0x00174603) x12 0x0000000000000001
3 0x000000008000090e (0x00000517) x10 0x000000008000090e
3 0x0000000080000912 (0x0c250513) x10 0x00000000800009d0
3 0x0000000080000916 (0xd55ff0ef) x 1 0x000000008000091a
3 0x000000008000066a (0x711d) x 2 0x0000000080020ad0
3 0x000000008000066c (0x02810313) x 6 0x0000000080020af8
3 0x0000000080000670 (0x8e2a) x28 0x00000000800009d0
3 0x0000000080000672 (0xf42e)
3 0x0000000080000674 (0xf832)
3 0x0000000080000676 (0xfc36)
3 0x0000000080000678 (0x00000517) x10 0x0000000080000678
3 0x000000008000067c (0xb4a50513) x10 0x00000000800001c2
3 0x0000000080000680 (0x869a) x13 0x0000000080020af8
3 0x0000000080000682 (0x8672) x12 0x00000000800009d0
3 0x0000000080000684 (0x4581) x11 0x0000000000000000
3 0x0000000080000686 (0xec06)
3 0x0000000080000688 (0xe0ba)
3 0x000000008000068a (0xe4be)
3 0x000000008000068c (0xe8c2)
3 0x000000008000068e (0xecc6)
3 0x0000000080000690 (0xe41a)
3 0x0000000080000692 (0xba5ff0ef) x 1 0x0000000080000696
3 0x0000000080000236 (0x710d) x 2 0x0000000080020970
3 0x0000000080000238 (0xeaa2)
3 0x000000008000023a (0xe6a6)
3 0x000000008000023c (0xe2ca)
3 0x000000008000023e (0xf656)
3 0x0000000080000240 (0xf25a)
3 0x0000000080000242 (0xee5e)
3 0x0000000080000244 (0xee86)
3 0x0000000080000246 (0xfe4e)
3 0x0000000080000248 (0xfa52)
3 0x000000008000024a (0xea62)
3 0x000000008000024c (0xe666)
3 0x000000008000024e (0xe26a)
3 0x0000000080000250 (0x892a) x18 0x00000000800001c2
3 0x0000000080000252 (0x84ae) x 9 0x0000000000000000
3 0x0000000080000254 (0x8432) x 8 0x00000000800009d0
3 0x0000000080000256 (0x8b36) x22 0x0000000080020af8
3 0x0000000080000258 (0x02500a93) x21 0x0000000000000025
3 0x000000008000025c (0x88818b93) x23 0x0000000080000a50
3 0x0000000080000260 (0xa029)
3 0x000000008000026a (0x00044503) x10 0x0000000000000048
3 0x000000008000026e (0xff551ae3)
3 0x0000000080000262 (0xc131)
3 0x0000000080000264 (0x85a6) x11 0x0000000000000000
3 0x0000000080000266 (0x0405) x 8 0x00000000800009d1
3 0x0000000080000268 (0x9902) x 1 0x000000008000026a
3 0x00000000800001c2 (0x04022583) x11 0x0000000000000000
3 0x00000000800001c6 (0x00020713) x14 0x0000000080000c00
3 0x00000000800001ca (0x972e) x14 0x0000000080000c00
3 0x00000000800001cc (0x0015869b) x13 0x0000000000000001
3 0x00000000800001d0 (0x00a70023)
3 0x00000000800001d4 (0x04d22023)
3 0x00000000800001d8 (0x4729) x14 0x000000000000000a
3 0x00000000800001da (0x00e50863)
3 0x00000000800001de (0x04000713) x14 0x0000000000000040
3 0x00000000800001e2 (0x00e68663)
3 0x00000000800001e6 (0x4501) x10 0x0000000000000000
3 0x00000000800001e8 (0x8082)
3 0x000000008000026a (0x00044503) x10 0x0000000000000065
3 0x000000008000026e (0xff551ae3)
3 0x0000000080000262 (0xc131)
3 0x0000000080000264 (0x85a6) x11 0x0000000000000000
3 0x0000000080000266 (0x0405) x 8 0x00000000800009d2
3 0x0000000080000268 (0x9902) x 1 0x000000008000026a
3 0x00000000800001c2 (0x04022583) x11 0x0000000000000001
3 0x00000000800001c6 (0x00020713) x14 0x0000000080000c00
3 0x00000000800001ca (0x972e) x14 0x0000000080000c01
3 0x00000000800001cc (0x0015869b) x13 0x0000000000000002
3 0x00000000800001d0 (0x00a70023)
3 0x00000000800001d4 (0x04d22023)
3 0x00000000800001d8 (0x4729) x14 0x000000000000000a
3 0x00000000800001da (0x00e50863)
3 0x00000000800001de (0x04000713) x14 0x0000000000000040
3 0x00000000800001e2 (0x00e68663)
3 0x00000000800001e6 (0x4501) x10 0x0000000000000000
3 0x00000000800001e8 (0x8082)
3 0x000000008000026a (0x00044503) x10 0x000000000000006c
3 0x000000008000026e (0xff551ae3)
3 0x0000000080000262 (0xc131)
3 0x0000000080000264 (0x85a6) x11 0x0000000000000000
3 0x0000000080000266 (0x0405) x 8 0x00000000800009d3
3 0x0000000080000268 (0x9902) x 1 0x000000008000026a
3 0x00000000800001c2 (0x04022583) x11 0x0000000000000002
3 0x00000000800001c6 (0x00020713) x14 0x0000000080000c00
3 0x00000000800001ca (0x972e) x14 0x0000000080000c02
3 0x00000000800001cc (0x0015869b) x13 0x0000000000000003
3 0x00000000800001d0 (0x00a70023)
3 0x00000000800001d4 (0x04d22023)
3 0x00000000800001d8 (0x4729) x14 0x000000000000000a
3 0x00000000800001da (0x00e50863)
3 0x00000000800001de (0x04000713) x14 0x0000000000000040
3 0x00000000800001e2 (0x00e68663)
3 0x00000000800001e6 (0x4501) x10 0x0000000000000000
3 0x00000000800001e8 (0x8082)
3 0x000000008000026a (0x00044503) x10 0x000000000000006c
3 0x000000008000026e (0xff551ae3)
3 0x0000000080000262 (0xc131)
3 0x0000000080000264 (0x85a6) x11 0x0000000000000000
3 0x0000000080000266 (0x0405) x 8 0x00000000800009d4
3 0x0000000080000268 (0x9902) x 1 0x000000008000026a
3 0x00000000800001c2 (0x04022583) x11 0x0000000000000003
3 0x00000000800001c6 (0x00020713) x14 0x0000000080000c00
3 0x00000000800001ca (0x972e) x14 0x0000000080000c03
3 0x00000000800001cc (0x0015869b) x13 0x0000000000000004
3 0x00000000800001d0 (0x00a70023)
3 0x00000000800001d4 (0x04d22023)
3 0x00000000800001d8 (0x4729) x14 0x000000000000000a
3 0x00000000800001da (0x00e50863)
3 0x00000000800001de (0x04000713) x14 0x0000000000000040
3 0x00000000800001e2 (0x00e68663)
3 0x00000000800001e6 (0x4501) x10 0x0000000000000000
3 0x00000000800001e8 (0x8082)
3 0x000000008000026a (0x00044503) x10 0x000000000000006f
3 0x000000008000026e (0xff551ae3)
3 0x0000000080000262 (0xc131)
3 0x0000000080000264 (0x85a6) x11 0x0000000000000000
3 0x0000000080000266 (0x0405) x 8 0x00000000800009d5
3 0x0000000080000268 (0x9902) x 1 0x000000008000026a
3 0x00000000800001c2 (0x04022583) x11 0x0000000000000004
3 0x00000000800001c6 (0x00020713) x14 0x0000000080000c00
3 0x00000000800001ca (0x972e) x14 0x0000000080000c04
3 0x00000000800001cc (0x0015869b) x13 0x0000000000000005
3 0x00000000800001d0 (0x00a70023)
3 0x00000000800001d4 (0x04d22023)
3 0x00000000800001d8 (0x4729) x14 0x000000000000000a
3 0x00000000800001da (0x00e50863)
3 0x00000000800001de (0x04000713) x14 0x0000000000000040
3 0x00000000800001e2 (0x00e68663)
3 0x00000000800001e6 (0x4501) x10 0x0000000000000000
3 0x00000000800001e8 (0x8082)
3 0x000000008000026a (0x00044503) x10 0x0000000000000020
3 0x000000008000026e (0xff551ae3)
3 0x0000000080000262 (0xc131)
3 0x0000000080000264 (0x85a6) x11 0x0000000000000000
3 0x0000000080000266 (0x0405) x 8 0x00000000800009d6
3 0x0000000080000268 (0x9902) x 1 0x000000008000026a
3 0x00000000800001c2 (0x04022583) x11 0x0000000000000005
3 0x00000000800001c6 (0x00020713) x14 0x0000000080000c00
3 0x00000000800001ca (0x972e) x14 0x0000000080000c05
3 0x00000000800001cc (0x0015869b) x13 0x0000000000000006
3 0x00000000800001d0 (0x00a70023)
3 0x00000000800001d4 (0x04d22023)
3 0x00000000800001d8 (0x4729) x14 0x000000000000000a
3 0x00000000800001da (0x00e50863)
3 0x00000000800001de (0x04000713) x14 0x0000000000000040
3 0x00000000800001e2 (0x00e68663)
3 0x00000000800001e6 (0x4501) x10 0x0000000000000000
3 0x00000000800001e8 (0x8082)
3 0x000000008000026a (0x00044503) x10 0x0000000000000077
3 0x000000008000026e (0xff551ae3)
3 0x0000000080000262 (0xc131)
3 0x0000000080000264 (0x85a6) x11 0x0000000000000000
3 0x0000000080000266 (0x0405) x 8 0x00000000800009d7
3 0x0000000080000268 (0x9902) x 1 0x000000008000026a
3 0x00000000800001c2 (0x04022583) x11 0x0000000000000006
3 0x00000000800001c6 (0x00020713) x14 0x0000000080000c00
3 0x00000000800001ca (0x972e) x14 0x0000000080000c06
3 0x00000000800001cc (0x0015869b) x13 0x0000000000000007
3 0x00000000800001d0 (0x00a70023)
3 0x00000000800001d4 (0x04d22023)
3 0x00000000800001d8 (0x4729) x14 0x000000000000000a
3 0x00000000800001da (0x00e50863)
3 0x00000000800001de (0x04000713) x14 0x0000000000000040
3 0x00000000800001e2 (0x00e68663)
3 0x00000000800001e6 (0x4501) x10 0x0000000000000000
3 0x00000000800001e8 (0x8082)
3 0x000000008000026a (0x00044503) x10 0x000000000000006f
3 0x000000008000026e (0xff551ae3)
3 0x0000000080000262 (0xc131)
3 0x0000000080000264 (0x85a6) x11 0x0000000000000000
3 0x0000000080000266 (0x0405) x 8 0x00000000800009d8
3 0x0000000080000268 (0x9902) x 1 0x000000008000026a
3 0x00000000800001c2 (0x04022583) x11 0x0000000000000007
3 0x00000000800001c6 (0x00020713) x14 0x0000000080000c00
3 0x00000000800001ca (0x972e) x14 0x0000000080000c07
3 0x00000000800001cc (0x0015869b) x13 0x0000000000000008
3 0x00000000800001d0 (0x00a70023)
3 0x00000000800001d4 (0x04d22023)
3 0x00000000800001d8 (0x4729) x14 0x000000000000000a
3 0x00000000800001da (0x00e50863)
3 0x00000000800001de (0x04000713) x14 0x0000000000000040
3 0x00000000800001e2 (0x00e68663)
3 0x00000000800001e6 (0x4501) x10 0x0000000000000000
3 0x00000000800001e8 (0x8082)
3 0x000000008000026a (0x00044503) x10 0x0000000000000072
3 0x000000008000026e (0xff551ae3)
3 0x0000000080000262 (0xc131)
3 0x0000000080000264 (0x85a6) x11 0x0000000000000000
3 0x0000000080000266 (0x0405) x 8 0x00000000800009d9
3 0x0000000080000268 (0x9902) x 1 0x000000008000026a
3 0x00000000800001c2 (0x04022583) x11 0x0000000000000008
3 0x00000000800001c6 (0x00020713) x14 0x0000000080000c00
3 0x00000000800001ca (0x972e) x14 0x0000000080000c08
3 0x00000000800001cc (0x0015869b) x13 0x0000000000000009
3 0x00000000800001d0 (0x00a70023)
3 0x00000000800001d4 (0x04d22023)
3 0x00000000800001d8 (0x4729) x14 0x000000000000000a
3 0x00000000800001da (0x00e50863)
3 0x00000000800001de (0x04000713) x14 0x0000000000000040
3 0x00000000800001e2 (0x00e68663)
3 0x00000000800001e6 (0x4501) x10 0x0000000000000000
3 0x00000000800001e8 (0x8082)
3 0x000000008000026a (0x00044503) x10 0x000000000000006c
3 0x000000008000026e (0xff551ae3)
3 0x0000000080000262 (0xc131)
3 0x0000000080000264 (0x85a6) x11 0x0000000000000000
3 0x0000000080000266 (0x0405) x 8 0x00000000800009da
3 0x0000000080000268 (0x9902) x 1 0x000000008000026a
3 0x00000000800001c2 (0x04022583) x11 0x0000000000000009
3 0x00000000800001c6 (0x00020713) x14 0x0000000080000c00
3 0x00000000800001ca (0x972e) x14 0x0000000080000c09
3 0x00000000800001cc (0x0015869b) x13 0x000000000000000a
3 0x00000000800001d0 (0x00a70023)
3 0x00000000800001d4 (0x04d22023)
3 0x00000000800001d8 (0x4729) x14 0x000000000000000a
3 0x00000000800001da (0x00e50863)
3 0x00000000800001de (0x04000713) x14 0x0000000000000040
3 0x00000000800001e2 (0x00e68663)
3 0x00000000800001e6 (0x4501) x10 0x0000000000000000
3 0x00000000800001e8 (0x8082)
3 0x000000008000026a (0x00044503) x10 0x0000000000000064
3 0x000000008000026e (0xff551ae3)
3 0x0000000080000262 (0xc131)
3 0x0000000080000264 (0x85a6) x11 0x0000000000000000
3 0x0000000080000266 (0x0405) x 8 0x00000000800009db
3 0x0000000080000268 (0x9902) x 1 0x000000008000026a
3 0x00000000800001c2 (0x04022583) x11 0x000000000000000a
3 0x00000000800001c6 (0x00020713) x14 0x0000000080000c00
3 0x00000000800001ca (0x972e) x14 0x0000000080000c0a
3 0x00000000800001cc (0x0015869b) x13 0x000000000000000b
3 0x00000000800001d0 (0x00a70023)
3 0x00000000800001d4 (0x04d22023)
3 0x00000000800001d8 (0x4729) x14 0x000000000000000a
3 0x00000000800001da (0x00e50863)
3 0x00000000800001de (0x04000713) x14 0x0000000000000040
3 0x00000000800001e2 (0x00e68663)
3 0x00000000800001e6 (0x4501) x10 0x0000000000000000
3 0x00000000800001e8 (0x8082)
3 0x000000008000026a (0x00044503) x10 0x000000000000002c
3 0x000000008000026e (0xff551ae3)
3 0x0000000080000262 (0xc131)
3 0x0000000080000264 (0x85a6) x11 0x0000000000000000
3 0x0000000080000266 (0x0405) x 8 0x00000000800009dc
3 0x0000000080000268 (0x9902) x 1 0x000000008000026a
3 0x00000000800001c2 (0x04022583) x11 0x000000000000000b
3 0x00000000800001c6 (0x00020713) x14 0x0000000080000c00
3 0x00000000800001ca (0x972e) x14 0x0000000080000c0b
3 0x00000000800001cc (0x0015869b) x13 0x000000000000000c
3 0x00000000800001d0 (0x00a70023)
3 0x00000000800001d4 (0x04d22023)
3 0x00000000800001d8 (0x4729) x14 0x000000000000000a
3 0x00000000800001da (0x00e50863)
3 0x00000000800001de (0x04000713) x14 0x0000000000000040
3 0x00000000800001e2 (0x00e68663)
3 0x00000000800001e6 (0x4501) x10 0x0000000000000000
3 0x00000000800001e8 (0x8082)
3 0x000000008000026a (0x00044503) x10 0x0000000000000020
3 0x000000008000026e (0xff551ae3)
3 0x0000000080000262 (0xc131)
3 0x0000000080000264 (0x85a6) x11 0x0000000000000000
3 0x0000000080000266 (0x0405) x 8 0x00000000800009dd
3 0x0000000080000268 (0x9902) x 1 0x000000008000026a
3 0x00000000800001c2 (0x04022583) x11 0x000000000000000c
3 0x00000000800001c6 (0x00020713) x14 0x0000000080000c00
3 0x00000000800001ca (0x972e) x14 0x0000000080000c0c
3 0x00000000800001cc (0x0015869b) x13 0x000000000000000d
3 0x00000000800001d0 (0x00a70023)
3 0x00000000800001d4 (0x04d22023)
3 0x00000000800001d8 (0x4729) x14 0x000000000000000a
3 0x00000000800001da (0x00e50863)
3 0x00000000800001de (0x04000713) x14 0x0000000000000040
3 0x00000000800001e2 (0x00e68663)
3 0x00000000800001e6 (0x4501) x10 0x0000000000000000
3 0x00000000800001e8 (0x8082)
3 0x000000008000026a (0x00044503) x10 0x0000000000000074
3 0x000000008000026e (0xff551ae3)
3 0x0000000080000262 (0xc131)
3 0x0000000080000264 (0x85a6) x11 0x0000000000000000
3 0x0000000080000266 (0x0405) x 8 0x00000000800009de
3 0x0000000080000268 (0x9902) x 1 0x000000008000026a
3 0x00000000800001c2 (0x04022583) x11 0x000000000000000d
3 0x00000000800001c6 (0x00020713) x14 0x0000000080000c00
3 0x00000000800001ca (0x972e) x14 0x0000000080000c0d
3 0x00000000800001cc (0x0015869b) x13 0x000000000000000e
3 0x00000000800001d0 (0x00a70023)
3 0x00000000800001d4 (0x04d22023)
3 0x00000000800001d8 (0x4729) x14 0x000000000000000a
3 0x00000000800001da (0x00e50863)
3 0x00000000800001de (0x04000713) x14 0x0000000000000040
3 0x00000000800001e2 (0x00e68663)
3 0x00000000800001e6 (0x4501) x10 0x0000000000000000
3 0x00000000800001e8 (0x8082)
3 0x000000008000026a (0x00044503) x10 0x0000000000000068
3 0x000000008000026e (0xff551ae3)
3 0x0000000080000262 (0xc131)
3 0x0000000080000264 (0x85a6) x11 0x0000000000000000
3 0x0000000080000266 (0x0405) x 8 0x00000000800009df
3 0x0000000080000268 (0x9902) x 1 0x000000008000026a
3 0x00000000800001c2 (0x04022583) x11 0x000000000000000e
3 0x00000000800001c6 (0x00020713) x14 0x0000000080000c00
3 0x00000000800001ca (0x972e) x14 0x0000000080000c0e
3 0x00000000800001cc (0x0015869b) x13 0x000000000000000f
3 0x00000000800001d0 (0x00a70023)
3 0x00000000800001d4 (0x04d22023)
3 0x00000000800001d8 (0x4729) x14 0x000000000000000a
3 0x00000000800001da (0x00e50863)
3 0x00000000800001de (0x04000713) x14 0x0000000000000040
3 0x00000000800001e2 (0x00e68663)
3 0x00000000800001e6 (0x4501) x10 0x0000000000000000
3 0x00000000800001e8 (0x8082)
3 0x000000008000026a (0x00044503) x10 0x0000000000000069
3 0x000000008000026e (0xff551ae3)
3 0x0000000080000262 (0xc131)
3 0x0000000080000264 (0x85a6) x11 0x0000000000000000
3 0x0000000080000266 (0x0405) x 8 0x00000000800009e0
3 0x0000000080000268 (0x9902) x 1 0x000000008000026a
3 0x00000000800001c2 (0x04022583) x11 0x000000000000000f
3 0x00000000800001c6 (0x00020713) x14 0x0000000080000c00
3 0x00000000800001ca (0x972e) x14 0x0000000080000c0f
3 0x00000000800001cc (0x0015869b) x13 0x0000000000000010
3 0x00000000800001d0 (0x00a70023)
3 0x00000000800001d4 (0x04d22023)
3 0x00000000800001d8 (0x4729) x14 0x000000000000000a
3 0x00000000800001da (0x00e50863)
3 0x00000000800001de (0x04000713) x14 0x0000000000000040
3 0x00000000800001e2 (0x00e68663)
3 0x00000000800001e6 (0x4501) x10 0x0000000000000000
3 0x00000000800001e8 (0x8082)
3 0x000000008000026a (0x00044503) x10 0x0000000000000073
3 0x000000008000026e (0xff551ae3)
3 0x0000000080000262 (0xc131)
3 0x0000000080000264 (0x85a6) x11 0x0000000000000000
3 0x0000000080000266 (0x0405) x 8 0x00000000800009e1
3 0x0000000080000268 (0x9902) x 1 0x000000008000026a
3 0x00000000800001c2 (0x04022583) x11 0x0000000000000010
3 0x00000000800001c6 (0x00020713) x14 0x0000000080000c00
3 0x00000000800001ca (0x972e) x14 0x0000000080000c10
3 0x00000000800001cc (0x0015869b) x13 0x0000000000000011
3 0x00000000800001d0 (0x00a70023)
3 0x00000000800001d4 (0x04d22023)
3 0x00000000800001d8 (0x4729) x14 0x000000000000000a
3 0x00000000800001da (0x00e50863)
3 0x00000000800001de (0x04000713) x14 0x0000000000000040
3 0x00000000800001e2 (0x00e68663)
3 0x00000000800001e6 (0x4501) x10 0x0000000000000000
3 0x00000000800001e8 (0x8082)
3 0x000000008000026a (0x00044503) x10 0x0000000000000020
3 0x000000008000026e (0xff551ae3)
3 0x0000000080000262 (0xc131)
3 0x0000000080000264 (0x85a6) x11 0x0000000000000000
3 0x0000000080000266 (0x0405) x 8 0x00000000800009e2
3 0x0000000080000268 (0x9902) x 1 0x000000008000026a
3 0x00000000800001c2 (0x04022583) x11 0x0000000000000011
3 0x00000000800001c6 (0x00020713) x14 0x0000000080000c00
3 0x00000000800001ca (0x972e) x14 0x0000000080000c11
3 0x00000000800001cc (0x0015869b) x13 0x0000000000000012
3 0x00000000800001d0 (0x00a70023)
3 0x00000000800001d4 (0x04d22023)
3 0x00000000800001d8 (0x4729) x14 0x000000000000000a
3 0x00000000800001da (0x00e50863)
3 0x00000000800001de (0x04000713) x14 0x0000000000000040
3 0x00000000800001e2 (0x00e68663)
3 0x00000000800001e6 (0x4501) x10 0x0000000000000000
3 0x00000000800001e8 (0x8082)
3 0x000000008000026a (0x00044503) x10 0x0000000000000069
3 0x000000008000026e (0xff551ae3)
3 0x0000000080000262 (0xc131)
3 0x0000000080000264 (0x85a6) x11 0x0000000000000000
3 0x0000000080000266 (0x0405) x 8 0x00000000800009e3
3 0x0000000080000268 (0x9902) x 1 0x000000008000026a
3 0x00000000800001c2 (0x04022583) x11 0x0000000000000012
3 0x00000000800001c6 (0x00020713) x14 0x0000000080000c00
3 0x00000000800001ca (0x972e) x14 0x0000000080000c12
3 0x00000000800001cc (0x0015869b) x13 0x0000000000000013
3 0x00000000800001d0 (0x00a70023)
3 0x00000000800001d4 (0x04d22023)
3 0x00000000800001d8 (0x4729) x14 0x000000000000000a
3 0x00000000800001da (0x00e50863)
3 0x00000000800001de (0x04000713) x14 0x0000000000000040
3 0x00000000800001e2 (0x00e68663)
3 0x00000000800001e6 (0x4501) x10 0x0000000000000000
3 0x00000000800001e8 (0x8082)
3 0x000000008000026a (0x00044503) x10 0x0000000000000073
3 0x000000008000026e (0xff551ae3)
3 0x0000000080000262 (0xc131)
3 0x0000000080000264 (0x85a6) x11 0x0000000000000000
3 0x0000000080000266 (0x0405) x 8 0x00000000800009e4
3 0x0000000080000268 (0x9902) x 1 0x000000008000026a
3 0x00000000800001c2 (0x04022583) x11 0x0000000000000013
3 0x00000000800001c6 (0x00020713) x14 0x0000000080000c00
3 0x00000000800001ca (0x972e) x14 0x0000000080000c13
3 0x00000000800001cc (0x0015869b) x13 0x0000000000000014
3 0x00000000800001d0 (0x00a70023)
3 0x00000000800001d4 (0x04d22023)
3 0x00000000800001d8 (0x4729) x14 0x000000000000000a
3 0x00000000800001da (0x00e50863)
3 0x00000000800001de (0x04000713) x14 0x0000000000000040
3 0x00000000800001e2 (0x00e68663)
3 0x00000000800001e6 (0x4501) x10 0x0000000000000000
3 0x00000000800001e8 (0x8082)
3 0x000000008000026a (0x00044503) x10 0x0000000000000020
3 0x000000008000026e (0xff551ae3)
3 0x0000000080000262 (0xc131)
3 0x0000000080000264 (0x85a6) x11 0x0000000000000000
3 0x0000000080000266 (0x0405) x 8 0x00000000800009e5
3 0x0000000080000268 (0x9902) x 1 0x000000008000026a
3 0x00000000800001c2 (0x04022583) x11 0x0000000000000014
3 0x00000000800001c6 (0x00020713) x14 0x0000000080000c00
3 0x00000000800001ca (0x972e) x14 0x0000000080000c14
3 0x00000000800001cc (0x0015869b) x13 0x0000000000000015
3 0x00000000800001d0 (0x00a70023)
3 0x00000000800001d4 (0x04d22023)
3 0x00000000800001d8 (0x4729) x14 0x000000000000000a
3 0x00000000800001da (0x00e50863)
3 0x00000000800001de (0x04000713) x14 0x0000000000000040
3 0x00000000800001e2 (0x00e68663)
3 0x00000000800001e6 (0x4501) x10 0x0000000000000000
3 0x00000000800001e8 (0x8082)
3 0x000000008000026a (0x00044503) x10 0x0000000000000068
3 0x000000008000026e (0xff551ae3)
3 0x0000000080000262 (0xc131)
3 0x0000000080000264 (0x85a6) x11 0x0000000000000000
3 0x0000000080000266 (0x0405) x 8 0x00000000800009e6
3 0x0000000080000268 (0x9902) x 1 0x000000008000026a
3 0x00000000800001c2 (0x04022583) x11 0x0000000000000015
3 0x00000000800001c6 (0x00020713) x14 0x0000000080000c00
3 0x00000000800001ca (0x972e) x14 0x0000000080000c15
3 0x00000000800001cc (0x0015869b) x13 0x0000000000000016
3 0x00000000800001d0 (0x00a70023)
3 0x00000000800001d4 (0x04d22023)
3 0x00000000800001d8 (0x4729) x14 0x000000000000000a
3 0x00000000800001da (0x00e50863)
3 0x00000000800001de (0x04000713) x14 0x0000000000000040
3 0x00000000800001e2 (0x00e68663)
3 0x00000000800001e6 (0x4501) x10 0x0000000000000000
3 0x00000000800001e8 (0x8082)
3 0x000000008000026a (0x00044503) x10 0x0000000000000061
3 0x000000008000026e (0xff551ae3)
3 0x0000000080000262 (0xc131)
3 0x0000000080000264 (0x85a6) x11 0x0000000000000000
3 0x0000000080000266 (0x0405) x 8 0x00000000800009e7
3 0x0000000080000268 (0x9902) x 1 0x000000008000026a
3 0x00000000800001c2 (0x04022583) x11 0x0000000000000016
3 0x00000000800001c6 (0x00020713) x14 0x0000000080000c00
3 0x00000000800001ca (0x972e) x14 0x0000000080000c16
3 0x00000000800001cc (0x0015869b) x13 0x0000000000000017
3 0x00000000800001d0 (0x00a70023)
3 0x00000000800001d4 (0x04d22023)
3 0x00000000800001d8 (0x4729) x14 0x000000000000000a
3 0x00000000800001da (0x00e50863)
3 0x00000000800001de (0x04000713) x14 0x0000000000000040
3 0x00000000800001e2 (0x00e68663)
3 0x00000000800001e6 (0x4501) x10 0x0000000000000000
3 0x00000000800001e8 (0x8082)
3 0x000000008000026a (0x00044503) x10 0x0000000000000072
3 0x000000008000026e (0xff551ae3)
3 0x0000000080000262 (0xc131)
3 0x0000000080000264 (0x85a6) x11 0x0000000000000000
3 0x0000000080000266 (0x0405) x 8 0x00000000800009e8
3 0x0000000080000268 (0x9902) x 1 0x000000008000026a
3 0x00000000800001c2 (0x04022583) x11 0x0000000000000017
3 0x00000000800001c6 (0x00020713) x14 0x0000000080000c00
3 0x00000000800001ca (0x972e) x14 0x0000000080000c17
3 0x00000000800001cc (0x0015869b) x13 0x0000000000000018
3 0x00000000800001d0 (0x00a70023)
3 0x00000000800001d4 (0x04d22023)
3 0x00000000800001d8 (0x4729) x14 0x000000000000000a
3 0x00000000800001da (0x00e50863)
3 0x00000000800001de (0x04000713) x14 0x0000000000000040
3 0x00000000800001e2 (0x00e68663)
3 0x00000000800001e6 (0x4501) x10 0x0000000000000000
3 0x00000000800001e8 (0x8082)
3 0x000000008000026a (0x00044503) x10 0x0000000000000074
3 0x000000008000026e (0xff551ae3)
3 0x0000000080000262 (0xc131)
3 0x0000000080000264 (0x85a6) x11 0x0000000000000000
3 0x0000000080000266 (0x0405) x 8 0x00000000800009e9
3 0x0000000080000268 (0x9902) x 1 0x000000008000026a
3 0x00000000800001c2 (0x04022583) x11 0x0000000000000018
3 0x00000000800001c6 (0x00020713) x14 0x0000000080000c00
3 0x00000000800001ca (0x972e) x14 0x0000000080000c18
3 0x00000000800001cc (0x0015869b) x13 0x0000000000000019
3 0x00000000800001d0 (0x00a70023)
3 0x00000000800001d4 (0x04d22023)
3 0x00000000800001d8 (0x4729) x14 0x000000000000000a
3 0x00000000800001da (0x00e50863)
3 0x00000000800001de (0x04000713) x14 0x0000000000000040
3 0x00000000800001e2 (0x00e68663)
3 0x00000000800001e6 (0x4501) x10 0x0000000000000000
3 0x00000000800001e8 (0x8082)
3 0x000000008000026a (0x00044503) x10 0x0000000000000020
3 0x000000008000026e (0xff551ae3)
3 0x0000000080000262 (0xc131)
3 0x0000000080000264 (0x85a6) x11 0x0000000000000000
3 0x0000000080000266 (0x0405) x 8 0x00000000800009ea
3 0x0000000080000268 (0x9902) x 1 0x000000008000026a
3 0x00000000800001c2 (0x04022583) x11 0x0000000000000019
3 0x00000000800001c6 (0x00020713) x14 0x0000000080000c00
3 0x00000000800001ca (0x972e) x14 0x0000000080000c19
3 0x00000000800001cc (0x0015869b) x13 0x000000000000001a
3 0x00000000800001d0 (0x00a70023)
3 0x00000000800001d4 (0x04d22023)
3 0x00000000800001d8 (0x4729) x14 0x000000000000000a
3 0x00000000800001da (0x00e50863)
3 0x00000000800001de (0x04000713) x14 0x0000000000000040
3 0x00000000800001e2 (0x00e68663)
3 0x00000000800001e6 (0x4501) x10 0x0000000000000000
3 0x00000000800001e8 (0x8082)
3 0x000000008000026a (0x00044503) x10 0x0000000000000025
3 0x000000008000026e (0xff551ae3)
3 0x0000000080000272 (0x00144683) x13 0x0000000000000064
3 0x0000000080000276 (0x00140a13) x20 0x00000000800009eb
3 0x000000008000027a (0x8752) x14 0x00000000800009eb
3 0x000000008000027c (0x02000c93) x25 0x0000000000000020
3 0x0000000080000280 (0x59fd) x19 0xffffffffffffffff
3 0x0000000080000282 (0x5d7d) x26 0xffffffffffffffff
3 0x0000000080000284 (0x4501) x10 0x0000000000000000
3 0x0000000080000286 (0x05500613) x12 0x0000000000000055
3 0x000000008000028a (0x45a5) x11 0x0000000000000009
3 0x000000008000028c (0xfdd6879b) x15 0x0000000000000041
3 0x0000000080000290 (0x0ff7f793) x15 0x0000000000000041
3 0x0000000080000294 (0x00170413) x 8 0x00000000800009ec
3 0x0000000080000298 (0x04f66163)
3 0x000000008000029c (0x078a) x15 0x0000000000000104
3 0x000000008000029e (0x97de) x15 0x0000000080000b54
3 0x00000000800002a0 (0x439c) x15 0xfffffffffffff97a
3 0x00000000800002a2 (0x97de) x15 0x00000000800003ca
3 0x00000000800002a4 (0x8782)
3 0x00000000800003ca (0x4785) x15 0x0000000000000001
3 0x00000000800003cc (0x008b0a13) x20 0x0000000080020b00
3 0x00000000800003d0 (0x00a7c363)
3 0x00000000800003d4 (0xc16d)
3 0x00000000800004b6 (0x000b2983) x19 0x0000000000000000
3 0x00000000800004ba (0xb705)
3 0x00000000800003da (0x0e09c563)
3 0x00000000800003de (0x87ce) x15 0x0000000000000000
3 0x00000000800003e0 (0x8b52) x22 0x0000000080020b00
3 0x00000000800003e2 (0x4729) x14 0x000000000000000a
3 0x00000000800003e4 (0xb751)
3 0x0000000080000368 (0x02e7f9b3) x19 0x0000000000000000
3 0x000000008000036c (0x2c81) x25 0x0000000000000020
3 0x000000008000036e (0x0054) x13 0x0000000080020974
3 0x0000000080000370 (0x4c05) x24 0x0000000000000001
3 0x0000000080000372 (0xc04e)
3 0x0000000080000374 (0x12e7ec63)
3 0x00000000800004ac (0x4785) x15 0x0000000000000001
3 0x00000000800004ae (0x4a01) x20 0x0000000000000000
3 0x00000000800004b0 (0xefa7c1e3)
3 0x00000000800004b4 (0xb5f5)
3 0x00000000800003a0 (0x0a0a) x20 0x0000000000000000
3 0x00000000800003a2 (0x9a0a) x20 0x0000000080020970
3 0x00000000800003a4 (0x8c8a) x25 0x0000000080020970
3 0x00000000800003a6 (0x4c25) x24 0x0000000000000009
3 0x00000000800003a8 (0xa021)
3 0x00000000800003b0 (0x05700513) x10 0x0000000000000057
3 0x00000000800003b4 (0x013c6463)
3 0x00000000800003b8 (0x03000513) x10 0x0000000000000030
3 0x00000000800003bc (0x85a6) x11 0x0000000000000000
3 0x00000000800003be (0x0135053b) x10 0x0000000000000030
3 0x00000000800003c2 (0x9902) x 1 0x00000000800003c4
3 0x00000000800001c2 (0x04022583) x11 0x000000000000001a
3 0x00000000800001c6 (0x00020713) x14 0x0000000080000c00
3 0x00000000800001ca (0x972e) x14 0x0000000080000c1a
3 0x00000000800001cc (0x0015869b) x13 0x000000000000001b
3 0x00000000800001d0 (0x00a70023)
3 0x00000000800001d4 (0x04d22023)
3 0x00000000800001d8 (0x4729) x14 0x000000000000000a
3 0x00000000800001da (0x00e50863)
3 0x00000000800001de (0x04000713) x14 0x0000000000000040
3 0x00000000800001e2 (0x00e68663)
3 0x00000000800001e6 (0x4501) x10 0x0000000000000000
3 0x00000000800001e8 (0x8082)
3 0x00000000800003c4 (0xff9a13e3)
3 0x00000000800003c8 (0xb54d)
3 0x000000008000026a (0x00044503) x10 0x0000000000000020
3 0x000000008000026e (0xff551ae3)
3 0x0000000080000262 (0xc131)
3 0x0000000080000264 (0x85a6) x11 0x0000000000000000
3 0x0000000080000266 (0x0405) x 8 0x00000000800009ed
3 0x0000000080000268 (0x9902) x 1 0x000000008000026a
3 0x00000000800001c2 (0x04022583) x11 0x000000000000001b
3 0x00000000800001c6 (0x00020713) x14 0x0000000080000c00
3 0x00000000800001ca (0x972e) x14 0x0000000080000c1b
3 0x00000000800001cc (0x0015869b) x13 0x000000000000001c
3 0x00000000800001d0 (0x00a70023)
3 0x00000000800001d4 (0x04d22023)
3 0x00000000800001d8 (0x4729) x14 0x000000000000000a
3 0x00000000800001da (0x00e50863)
3 0x00000000800001de (0x04000713) x14 0x0000000000000040
3 0x00000000800001e2 (0x00e68663)
3 0x00000000800001e6 (0x4501) x10 0x0000000000000000
3 0x00000000800001e8 (0x8082)
3 0x000000008000026a (0x00044503) x10 0x000000000000006f
3 0x000000008000026e (0xff551ae3)
3 0x0000000080000262 (0xc131)
3 0x0000000080000264 (0x85a6) x11 0x0000000000000000
3 0x0000000080000266 (0x0405) x 8 0x00000000800009ee
3 0x0000000080000268 (0x9902) x 1 0x000000008000026a
3 0x00000000800001c2 (0x04022583) x11 0x000000000000001c
3 0x00000000800001c6 (0x00020713) x14 0x0000000080000c00
3 0x00000000800001ca (0x972e) x14 0x0000000080000c1c
3 0x00000000800001cc (0x0015869b) x13 0x000000000000001d
3 0x00000000800001d0 (0x00a70023)
3 0x00000000800001d4 (0x04d22023)
3 0x00000000800001d8 (0x4729) x14 0x000000000000000a
3 0x00000000800001da (0x00e50863)
3 0x00000000800001de (0x04000713) x14 0x0000000000000040
3 0x00000000800001e2 (0x00e68663)
3 0x00000000800001e6 (0x4501) x10 0x0000000000000000
3 0x00000000800001e8 (0x8082)
3 0x000000008000026a (0x00044503) x10 0x0000000000000066
3 0x000000008000026e (0xff551ae3)
3 0x0000000080000262 (0xc131)
3 0x0000000080000264 (0x85a6) x11 0x0000000000000000
3 0x0000000080000266 (0x0405) x 8 0x00000000800009ef
3 0x0000000080000268 (0x9902) x 1 0x000000008000026a
3 0x00000000800001c2 (0x04022583) x11 0x000000000000001d
3 0x00000000800001c6 (0x00020713) x14 0x0000000080000c00
3 0x00000000800001ca (0x972e) x14 0x0000000080000c1d
3 0x00000000800001cc (0x0015869b) x13 0x000000000000001e
3 0x00000000800001d0 (0x00a70023)
3 0x00000000800001d4 (0x04d22023)
3 0x00000000800001d8 (0x4729) x14 0x000000000000000a
3 0x00000000800001da (0x00e50863)
3 0x00000000800001de (0x04000713) x14 0x0000000000000040
3 0x00000000800001e2 (0x00e68663)
3 0x00000000800001e6 (0x4501) x10 0x0000000000000000
3 0x00000000800001e8 (0x8082)
3 0x000000008000026a (0x00044503) x10 0x0000000000000020
3 0x000000008000026e (0xff551ae3)
3 0x0000000080000262 (0xc131)
3 0x0000000080000264 (0x85a6) x11 0x0000000000000000
3 0x0000000080000266 (0x0405) x 8 0x00000000800009f0
3 0x0000000080000268 (0x9902) x 1 0x000000008000026a
3 0x00000000800001c2 (0x04022583) x11 0x000000000000001e
3 0x00000000800001c6 (0x00020713) x14 0x0000000080000c00
3 0x00000000800001ca (0x972e) x14 0x0000000080000c1e
3 0x00000000800001cc (0x0015869b) x13 0x000000000000001f
3 0x00000000800001d0 (0x00a70023)
3 0x00000000800001d4 (0x04d22023)
3 0x00000000800001d8 (0x4729) x14 0x000000000000000a
3 0x00000000800001da (0x00e50863)
3 0x00000000800001de (0x04000713) x14 0x0000000000000040
3 0x00000000800001e2 (0x00e68663)
3 0x00000000800001e6 (0x4501) x10 0x0000000000000000
3 0x00000000800001e8 (0x8082)
3 0x000000008000026a (0x00044503) x10 0x0000000000000025
3 0x000000008000026e (0xff551ae3)
3 0x0000000080000272 (0x00144683) x13 0x0000000000000064
3 0x0000000080000276 (0x00140a13) x20 0x00000000800009f1
3 0x000000008000027a (0x8752) x14 0x00000000800009f1
3 0x000000008000027c (0x02000c93) x25 0x0000000000000020
3 0x0000000080000280 (0x59fd) x19 0xffffffffffffffff
3 0x0000000080000282 (0x5d7d) x26 0xffffffffffffffff
3 0x0000000080000284 (0x4501) x10 0x0000000000000000
3 0x0000000080000286 (0x05500613) x12 0x0000000000000055
3 0x000000008000028a (0x45a5) x11 0x0000000000000009
3 0x000000008000028c (0xfdd6879b) x15 0x0000000000000041
3 0x0000000080000290 (0x0ff7f793) x15 0x0000000000000041
3 0x0000000080000294 (0x00170413) x 8 0x00000000800009f2
3 0x0000000080000298 (0x04f66163)
3 0x000000008000029c (0x078a) x15 0x0000000000000104
3 0x000000008000029e (0x97de) x15 0x0000000080000b54
3 0x00000000800002a0 (0x439c) x15 0xfffffffffffff97a
3 0x00000000800002a2 (0x97de) x15 0x00000000800003ca
3 0x00000000800002a4 (0x8782)
3 0x00000000800003ca (0x4785) x15 0x0000000000000001
3 0x00000000800003cc (0x008b0a13) x20 0x0000000080020b08
3 0x00000000800003d0 (0x00a7c363)
3 0x00000000800003d4 (0xc16d)
3 0x00000000800004b6 (0x000b2983) x19 0x0000000000000001
3 0x00000000800004ba (0xb705)
3 0x00000000800003da (0x0e09c563)
3 0x00000000800003de (0x87ce) x15 0x0000000000000001
3 0x00000000800003e0 (0x8b52) x22 0x0000000080020b08
3 0x00000000800003e2 (0x4729) x14 0x000000000000000a
3 0x00000000800003e4 (0xb751)
3 0x0000000080000368 (0x02e7f9b3) x19 0x0000000000000001
3 0x000000008000036c (0x2c81) x25 0x0000000000000020
3 0x000000008000036e (0x0054) x13 0x0000000080020974
3 0x0000000080000370 (0x4c05) x24 0x0000000000000001
3 0x0000000080000372 (0xc04e)
3 0x0000000080000374 (0x12e7ec63)
3 0x00000000800004ac (0x4785) x15 0x0000000000000001
3 0x00000000800004ae (0x4a01) x20 0x0000000000000000
3 0x00000000800004b0 (0xefa7c1e3)
3 0x00000000800004b4 (0xb5f5)
3 0x00000000800003a0 (0x0a0a) x20 0x0000000000000000
3 0x00000000800003a2 (0x9a0a) x20 0x0000000080020970
3 0x00000000800003a4 (0x8c8a) x25 0x0000000080020970
3 0x00000000800003a6 (0x4c25) x24 0x0000000000000009
3 0x00000000800003a8 (0xa021)
3 0x00000000800003b0 (0x05700513) x10 0x0000000000000057
3 0x00000000800003b4 (0x013c6463)
3 0x00000000800003b8 (0x03000513) x10 0x0000000000000030
3 0x00000000800003bc (0x85a6) x11 0x0000000000000000
3 0x00000000800003be (0x0135053b) x10 0x0000000000000031
3 0x00000000800003c2 (0x9902) x 1 0x00000000800003c4
3 0x00000000800001c2 (0x04022583) x11 0x000000000000001f
3 0x00000000800001c6 (0x00020713) x14 0x0000000080000c00
3 0x00000000800001ca (0x972e) x14 0x0000000080000c1f
3 0x00000000800001cc (0x0015869b) x13 0x0000000000000020
3 0x00000000800001d0 (0x00a70023)
3 0x00000000800001d4 (0x04d22023)
3 0x00000000800001d8 (0x4729) x14 0x000000000000000a
3 0x00000000800001da (0x00e50863)
3 0x00000000800001de (0x04000713) x14 0x0000000000000040
3 0x00000000800001e2 (0x00e68663)
3 0x00000000800001e6 (0x4501) x10 0x0000000000000000
3 0x00000000800001e8 (0x8082)
3 0x00000000800003c4 (0xff9a13e3)
3 0x00000000800003c8 (0xb54d)
3 0x000000008000026a (0x00044503) x10 0x0000000000000020
3 0x000000008000026e (0xff551ae3)
3 0x0000000080000262 (0xc131)
3 0x0000000080000264 (0x85a6) x11 0x0000000000000000
3 0x0000000080000266 (0x0405) x 8 0x00000000800009f3
3 0x0000000080000268 (0x9902) x 1 0x000000008000026a
3 0x00000000800001c2 (0x04022583) x11 0x0000000000000020
3 0x00000000800001c6 (0x00020713) x14 0x0000000080000c00
3 0x00000000800001ca (0x972e) x14 0x0000000080000c20
3 0x00000000800001cc (0x0015869b) x13 0x0000000000000021
3 0x00000000800001d0 (0x00a70023)
3 0x00000000800001d4 (0x04d22023)
3 0x00000000800001d8 (0x4729) x14 0x000000000000000a
3 0x00000000800001da (0x00e50863)
3 0x00000000800001de (0x04000713) x14 0x0000000000000040
3 0x00000000800001e2 (0x00e68663)
3 0x00000000800001e6 (0x4501) x10 0x0000000000000000
3 0x00000000800001e8 (0x8082)
3 0x000000008000026a (0x00044503) x10 0x0000000000000068
3 0x000000008000026e (0xff551ae3)
3 0x0000000080000262 (0xc131)
3 0x0000000080000264 (0x85a6) x11 0x0000000000000000
3 0x0000000080000266 (0x0405) x 8 0x00000000800009f4
3 0x0000000080000268 (0x9902) x 1 0x000000008000026a
3 0x00000000800001c2 (0x04022583) x11 0x0000000000000021
3 0x00000000800001c6 (0x00020713) x14 0x0000000080000c00
3 0x00000000800001ca (0x972e) x14 0x0000000080000c21
3 0x00000000800001cc (0x0015869b) x13 0x0000000000000022
3 0x00000000800001d0 (0x00a70023)
3 0x00000000800001d4 (0x04d22023)
3 0x00000000800001d8 (0x4729) x14 0x000000000000000a
3 0x00000000800001da (0x00e50863)
3 0x00000000800001de (0x04000713) x14 0x0000000000000040
3 0x00000000800001e2 (0x00e68663)
3 0x00000000800001e6 (0x4501) x10 0x0000000000000000
3 0x00000000800001e8 (0x8082)
3 0x000000008000026a (0x00044503) x10 0x0000000000000061
3 0x000000008000026e (0xff551ae3)
3 0x0000000080000262 (0xc131)
3 0x0000000080000264 (0x85a6) x11 0x0000000000000000
3 0x0000000080000266 (0x0405) x 8 0x00000000800009f5
3 0x0000000080000268 (0x9902) x 1 0x000000008000026a
3 0x00000000800001c2 (0x04022583) x11 0x0000000000000022
3 0x00000000800001c6 (0x00020713) x14 0x0000000080000c00
3 0x00000000800001ca (0x972e) x14 0x0000000080000c22
3 0x00000000800001cc (0x0015869b) x13 0x0000000000000023
3 0x00000000800001d0 (0x00a70023)
3 0x00000000800001d4 (0x04d22023)
3 0x00000000800001d8 (0x4729) x14 0x000000000000000a
3 0x00000000800001da (0x00e50863)
3 0x00000000800001de (0x04000713) x14 0x0000000000000040
3 0x00000000800001e2 (0x00e68663)
3 0x00000000800001e6 (0x4501) x10 0x0000000000000000
3 0x00000000800001e8 (0x8082)
3 0x000000008000026a (0x00044503) x10 0x0000000000000072
3 0x000000008000026e (0xff551ae3)
3 0x0000000080000262 (0xc131)
3 0x0000000080000264 (0x85a6) x11 0x0000000000000000
3 0x0000000080000266 (0x0405) x 8 0x00000000800009f6
3 0x0000000080000268 (0x9902) x 1 0x000000008000026a
3 0x00000000800001c2 (0x04022583) x11 0x0000000000000023
3 0x00000000800001c6 (0x00020713) x14 0x0000000080000c00
3 0x00000000800001ca (0x972e) x14 0x0000000080000c23
3 0x00000000800001cc (0x0015869b) x13 0x0000000000000024
3 0x00000000800001d0 (0x00a70023)
3 0x00000000800001d4 (0x04d22023)
3 0x00000000800001d8 (0x4729) x14 0x000000000000000a
3 0x00000000800001da (0x00e50863)
3 0x00000000800001de (0x04000713) x14 0x0000000000000040
3 0x00000000800001e2 (0x00e68663)
3 0x00000000800001e6 (0x4501) x10 0x0000000000000000
3 0x00000000800001e8 (0x8082)
3 0x000000008000026a (0x00044503) x10 0x0000000000000074
3 0x000000008000026e (0xff551ae3)
3 0x0000000080000262 (0xc131)
3 0x0000000080000264 (0x85a6) x11 0x0000000000000000
3 0x0000000080000266 (0x0405) x 8 0x00000000800009f7
3 0x0000000080000268 (0x9902) x 1 0x000000008000026a
3 0x00000000800001c2 (0x04022583) x11 0x0000000000000024
3 0x00000000800001c6 (0x00020713) x14 0x0000000080000c00
3 0x00000000800001ca (0x972e) x14 0x0000000080000c24
3 0x00000000800001cc (0x0015869b) x13 0x0000000000000025
3 0x00000000800001d0 (0x00a70023)
3 0x00000000800001d4 (0x04d22023)
3 0x00000000800001d8 (0x4729) x14 0x000000000000000a
3 0x00000000800001da (0x00e50863)
3 0x00000000800001de (0x04000713) x14 0x0000000000000040
3 0x00000000800001e2 (0x00e68663)
3 0x00000000800001e6 (0x4501) x10 0x0000000000000000
3 0x00000000800001e8 (0x8082)
3 0x000000008000026a (0x00044503) x10 0x0000000000000073
3 0x000000008000026e (0xff551ae3)
3 0x0000000080000262 (0xc131)
3 0x0000000080000264 (0x85a6) x11 0x0000000000000000
3 0x0000000080000266 (0x0405) x 8 0x00000000800009f8
3 0x0000000080000268 (0x9902) x 1 0x000000008000026a
3 0x00000000800001c2 (0x04022583) x11 0x0000000000000025
3 0x00000000800001c6 (0x00020713) x14 0x0000000080000c00
3 0x00000000800001ca (0x972e) x14 0x0000000080000c25
3 0x00000000800001cc (0x0015869b) x13 0x0000000000000026
3 0x00000000800001d0 (0x00a70023)
3 0x00000000800001d4 (0x04d22023)
3 0x00000000800001d8 (0x4729) x14 0x000000000000000a
3 0x00000000800001da (0x00e50863)
3 0x00000000800001de (0x04000713) x14 0x0000000000000040
3 0x00000000800001e2 (0x00e68663)
3 0x00000000800001e6 (0x4501) x10 0x0000000000000000
3 0x00000000800001e8 (0x8082)
3 0x000000008000026a (0x00044503) x10 0x0000000000000021
3 0x000000008000026e (0xff551ae3)
3 0x0000000080000262 (0xc131)
3 0x0000000080000264 (0x85a6) x11 0x0000000000000000
3 0x0000000080000266 (0x0405) x 8 0x00000000800009f9
3 0x0000000080000268 (0x9902) x 1 0x000000008000026a
3 0x00000000800001c2 (0x04022583) x11 0x0000000000000026
3 0x00000000800001c6 (0x00020713) x14 0x0000000080000c00
3 0x00000000800001ca (0x972e) x14 0x0000000080000c26
3 0x00000000800001cc (0x0015869b) x13 0x0000000000000027
3 0x00000000800001d0 (0x00a70023)
3 0x00000000800001d4 (0x04d22023)
3 0x00000000800001d8 (0x4729) x14 0x000000000000000a
3 0x00000000800001da (0x00e50863)
3 0x00000000800001de (0x04000713) x14 0x0000000000000040
3 0x00000000800001e2 (0x00e68663)
3 0x00000000800001e6 (0x4501) x10 0x0000000000000000
3 0x00000000800001e8 (0x8082)
3 0x000000008000026a (0x00044503) x10 0x000000000000000a
3 0x000000008000026e (0xff551ae3)
3 0x0000000080000262 (0xc131)
3 0x0000000080000264 (0x85a6) x11 0x0000000000000000
3 0x0000000080000266 (0x0405) x 8 0x00000000800009fa
3 0x0000000080000268 (0x9902) x 1 0x000000008000026a
3 0x00000000800001c2 (0x04022583) x11 0x0000000000000027
3 0x00000000800001c6 (0x00020713) x14 0x0000000080000c00
3 0x00000000800001ca (0x972e) x14 0x0000000080000c27
3 0x00000000800001cc (0x0015869b) x13 0x0000000000000028
3 0x00000000800001d0 (0x00a70023)
3 0x00000000800001d4 (0x04d22023)
3 0x00000000800001d8 (0x4729) x14 0x000000000000000a
3 0x00000000800001da (0x00e50863)
3 0x00000000800001ea (0x04d05263)
3 0x00000000800001ee (0x03ffc537) x10 0x0000000003ffc000
3 0x00000000800001f2 (0x00020693) x13 0x0000000080000c00
3 0x00000000800001f6 (0x30b50513) x10 0x0000000003ffc30b
3 0x00000000800001fa (0x00000717) x14 0x00000000800001fa
3 0x00000000800001fe (0x7ce73703) x14 0x000000fff0c2c005
3 0x0000000080000202 (0x053a) x10 0x000000fff0c2c000
3 0x0000000080000204 (0x48a9) x17 0x000000000000000a
3 0x0000000080000206 (0xfff6c813) x16 0xffffffff7ffff3ff
3 0x000000008000020a (0x00074783) x15 0x00000000000000ef
3 0x000000008000020e (0x0207f793) x15 0x0000000000000020
3 0x0000000080000212 (0xdfe5)
3 0x0000000080000214 (0x0006c783) x15 0x0000000000000048
3 0x0000000080000218 (0x0685) x13 0x0000000080000c01
3 0x000000008000021a (0x00d8063b) x12 0x0000000000000000
3 0x000000008000021e (0x00f50023)
3 0x0000000080000222 (0xfff6c783) x15 0x0000000000000048
3 0x0000000080000226 (0x01178463)
3 0x000000008000022a (0xfeb640e3)
3 0x000000008000020a (0x00074783) x15 0x00000000000000ef
3 0x000000008000020e (0x0207f793) x15 0x0000000000000020
3 0x0000000080000212 (0xdfe5)
3 0x0000000080000214 (0x0006c783) x15 0x0000000000000065
3 0x0000000080000218 (0x0685) x13 0x0000000080000c02
3 0x000000008000021a (0x00d8063b) x12 0x0000000000000001
3 0x000000008000021e (0x00f50023)
3 0x0000000080000222 (0xfff6c783) x15 0x0000000000000065
3 0x0000000080000226 (0x01178463)
3 0x000000008000022a (0xfeb640e3)
3 0x000000008000020a (0x00074783) x15 0x00000000000000ef
3 0x000000008000020e (0x0207f793) x15 0x0000000000000020
3 0x0000000080000212 (0xdfe5)
3 0x0000000080000214 (0x0006c783) x15 0x000000000000006c
3 0x0000000080000218 (0x0685) x13 0x0000000080000c03
3 0x000000008000021a (0x00d8063b) x12 0x0000000000000002
3 0x000000008000021e (0x00f50023)
3 0x0000000080000222 (0xfff6c783) x15 0x000000000000006c
3 0x0000000080000226 (0x01178463)
3 0x000000008000022a (0xfeb640e3)
3 0x000000008000020a (0x00074783) x15 0x00000000000000ef
3 0x000000008000020e (0x0207f793) x15 0x0000000000000020
3 0x0000000080000212 (0xdfe5)
3 0x0000000080000214 (0x0006c783) x15 0x000000000000006c
3 0x0000000080000218 (0x0685) x13 0x0000000080000c04
3 0x000000008000021a (0x00d8063b) x12 0x0000000000000003
3 0x000000008000021e (0x00f50023)
3 0x0000000080000222 (0xfff6c783) x15 0x000000000000006c
3 0x0000000080000226 (0x01178463)
3 0x000000008000022a (0xfeb640e3)
3 0x000000008000020a (0x00074783) x15 0x00000000000000ef
3 0x000000008000020e (0x0207f793) x15 0x0000000000000020
3 0x0000000080000212 (0xdfe5)
3 0x0000000080000214 (0x0006c783) x15 0x000000000000006f
3 0x0000000080000218 (0x0685) x13 0x0000000080000c05
3 0x000000008000021a (0x00d8063b) x12 0x0000000000000004
3 0x000000008000021e (0x00f50023)
3 0x0000000080000222 (0xfff6c783) x15 0x000000000000006f
3 0x0000000080000226 (0x01178463)
3 0x000000008000022a (0xfeb640e3)
3 0x000000008000020a (0x00074783) x15 0x00000000000000ef
3 0x000000008000020e (0x0207f793) x15 0x0000000000000020
3 0x0000000080000212 (0xdfe5)
3 0x0000000080000214 (0x0006c783) x15 0x0000000000000020
3 0x0000000080000218 (0x0685) x13 0x0000000080000c06
3 0x000000008000021a (0x00d8063b) x12 0x0000000000000005
3 0x000000008000021e (0x00f50023)
3 0x0000000080000222 (0xfff6c783) x15 0x0000000000000020
3 0x0000000080000226 (0x01178463)
3 0x000000008000022a (0xfeb640e3)
3 0x000000008000020a (0x00074783) x15 0x00000000000000ef
3 0x000000008000020e (0x0207f793) x15 0x0000000000000020
3 0x0000000080000212 (0xdfe5)
3 0x0000000080000214 (0x0006c783) x15 0x0000000000000077
3 0x0000000080000218 (0x0685) x13 0x0000000080000c07
3 0x000000008000021a (0x00d8063b) x12 0x0000000000000006
3 0x000000008000021e (0x00f50023)
3 0x0000000080000222 (0xfff6c783) x15 0x0000000000000077
3 0x0000000080000226 (0x01178463)
3 0x000000008000022a (0xfeb640e3)
3 0x000000008000020a (0x00074783) x15 0x00000000000000ef
3 0x000000008000020e (0x0207f793) x15 0x0000000000000020
3 0x0000000080000212 (0xdfe5)
3 0x0000000080000214 (0x0006c783) x15 0x000000000000006f
3 0x0000000080000218 (0x0685) x13 0x0000000080000c08
3 0x000000008000021a (0x00d8063b) x12 0x0000000000000007
3 0x000000008000021e (0x00f50023)
3 0x0000000080000222 (0xfff6c783) x15 0x000000000000006f
3 0x0000000080000226 (0x01178463)
3 0x000000008000022a (0xfeb640e3)
3 0x000000008000020a (0x00074783) x15 0x00000000000000ef
3 0x000000008000020e (0x0207f793) x15 0x0000000000000020
3 0x0000000080000212 (0xdfe5)
3 0x0000000080000214 (0x0006c783) x15 0x0000000000000072
3 0x0000000080000218 (0x0685) x13 0x0000000080000c09
3 0x000000008000021a (0x00d8063b) x12 0x0000000000000008
3 0x000000008000021e (0x00f50023)
3 0x0000000080000222 (0xfff6c783) x15 0x0000000000000072
3 0x0000000080000226 (0x01178463)
3 0x000000008000022a (0xfeb640e3)
3 0x000000008000020a (0x00074783) x15 0x00000000000000ef
3 0x000000008000020e (0x0207f793) x15 0x0000000000000020
3 0x0000000080000212 (0xdfe5)
3 0x0000000080000214 (0x0006c783) x15 0x000000000000006c
3 0x0000000080000218 (0x0685) x13 0x0000000080000c0a
3 0x000000008000021a (0x00d8063b) x12 0x0000000000000009
3 0x000000008000021e (0x00f50023)
3 0x0000000080000222 (0xfff6c783) x15 0x000000000000006c
3 0x0000000080000226 (0x01178463)
3 0x000000008000022a (0xfeb640e3)
3 0x000000008000020a (0x00074783) x15 0x00000000000000ef
3 0x000000008000020e (0x0207f793) x15 0x0000000000000020
3 0x0000000080000212 (0xdfe5)
3 0x0000000080000214 (0x0006c783) x15 0x0000000000000064
3 0x0000000080000218 (0x0685) x13 0x0000000080000c0b
3 0x000000008000021a (0x00d8063b) x12 0x000000000000000a
3 0x000000008000021e (0x00f50023)
3 0x0000000080000222 (0xfff6c783) x15 0x0000000000000064
3 0x0000000080000226 (0x01178463)
3 0x000000008000022a (0xfeb640e3)
3 0x000000008000020a (0x00074783) x15 0x00000000000000ef
3 0x000000008000020e (0x0207f793) x15 0x0000000000000020
3 0x0000000080000212 (0xdfe5)
3 0x0000000080000214 (0x0006c783) x15 0x000000000000002c
3 0x0000000080000218 (0x0685) x13 0x0000000080000c0c
3 0x000000008000021a (0x00d8063b) x12 0x000000000000000b
3 0x000000008000021e (0x00f50023)
3 0x0000000080000222 (0xfff6c783) x15 0x000000000000002c
3 0x0000000080000226 (0x01178463)
3 0x000000008000022a (0xfeb640e3)
3 0x000000008000020a (0x00074783) x15 0x00000000000000ef
3 0x000000008000020e (0x0207f793) x15 0x0000000000000020
3 0x0000000080000212 (0xdfe5)
3 0x0000000080000214 (0x0006c783) x15 0x0000000000000020
3 0x0000000080000218 (0x0685) x13 0x0000000080000c0d
3 0x000000008000021a (0x00d8063b) x12 0x000000000000000c
3 0x000000008000021e (0x00f50023)
3 0x0000000080000222 (0xfff6c783) x15 0x0000000000000020
3 0x0000000080000226 (0x01178463)
3 0x000000008000022a (0xfeb640e3)
3 0x000000008000020a (0x00074783) x15 0x00000000000000ef
3 0x000000008000020e (0x0207f793) x15 0x0000000000000020
3 0x0000000080000212 (0xdfe5)
3 0x0000000080000214 (0x0006c783) x15 0x0000000000000074
3 0x0000000080000218 (0x0685) x13 0x0000000080000c0e
3 0x000000008000021a (0x00d8063b) x12 0x000000000000000d
3 0x000000008000021e (0x00f50023)
3 0x0000000080000222 (0xfff6c783) x15 0x0000000000000074
3 0x0000000080000226 (0x01178463)
3 0x000000008000022a (0xfeb640e3)
3 0x000000008000020a (0x00074783) x15 0x00000000000000ef
3 0x000000008000020e (0x0207f793) x15 0x0000000000000020
3 0x0000000080000212 (0xdfe5)
3 0x0000000080000214 (0x0006c783) x15 0x0000000000000068
3 0x0000000080000218 (0x0685) x13 0x0000000080000c0f
3 0x000000008000021a (0x00d8063b) x12 0x000000000000000e
3 0x000000008000021e (0x00f50023)
3 0x0000000080000222 (0xfff6c783) x15 0x0000000000000068
3 0x0000000080000226 (0x01178463)
3 0x000000008000022a (0xfeb640e3)
3 0x000000008000020a (0x00074783) x15 0x00000000000000ef
3 0x000000008000020e (0x0207f793) x15 0x0000000000000020
3 0x0000000080000212 (0xdfe5)
3 0x0000000080000214 (0x0006c783) x15 0x0000000000000069
3 0x0000000080000218 (0x0685) x13 0x0000000080000c10
3 0x000000008000021a (0x00d8063b) x12 0x000000000000000f
3 0x000000008000021e (0x00f50023)
3 0x0000000080000222 (0xfff6c783) x15 0x0000000000000069
3 0x0000000080000226 (0x01178463)
3 0x000000008000022a (0xfeb640e3)
3 0x000000008000020a (0x00074783) x15 0x00000000000000ef
3 0x000000008000020e (0x0207f793) x15 0x0000000000000020
3 0x0000000080000212 (0xdfe5)
3 0x0000000080000214 (0x0006c783) x15 0x0000000000000073
3 0x0000000080000218 (0x0685) x13 0x0000000080000c11
3 0x000000008000021a (0x00d8063b) x12 0x0000000000000010
3 0x000000008000021e (0x00f50023)
3 0x0000000080000222 (0xfff6c783) x15 0x0000000000000073
3 0x0000000080000226 (0x01178463)
3 0x000000008000022a (0xfeb640e3)
3 0x000000008000020a (0x00074783) x15 0x00000000000000ef
3 0x000000008000020e (0x0207f793) x15 0x0000000000000020
3 0x0000000080000212 (0xdfe5)
3 0x0000000080000214 (0x0006c783) x15 0x0000000000000020
3 0x0000000080000218 (0x0685) x13 0x0000000080000c12
3 0x000000008000021a (0x00d8063b) x12 0x0000000000000011
3 0x000000008000021e (0x00f50023)
3 0x0000000080000222 (0xfff6c783) x15 0x0000000000000020
3 0x0000000080000226 (0x01178463)
3 0x000000008000022a (0xfeb640e3)
3 0x000000008000020a (0x00074783) x15 0x00000000000000ef
3 0x000000008000020e (0x0207f793) x15 0x0000000000000020
3 0x0000000080000212 (0xdfe5)
3 0x0000000080000214 (0x0006c783) x15 0x0000000000000069
3 0x0000000080000218 (0x0685) x13 0x0000000080000c13
3 0x000000008000021a (0x00d8063b) x12 0x0000000000000012
3 0x000000008000021e (0x00f50023)
3 0x0000000080000222 (0xfff6c783) x15 0x0000000000000069
3 0x0000000080000226 (0x01178463)
3 0x000000008000022a (0xfeb640e3)
3 0x000000008000020a (0x00074783) x15 0x00000000000000ef
3 0x000000008000020e (0x0207f793) x15 0x0000000000000020
3 0x0000000080000212 (0xdfe5)
3 0x0000000080000214 (0x0006c783) x15 0x0000000000000073
3 0x0000000080000218 (0x0685) x13 0x0000000080000c14
3 0x000000008000021a (0x00d8063b) x12 0x0000000000000013
3 0x000000008000021e (0x00f50023)
3 0x0000000080000222 (0xfff6c783) x15 0x0000000000000073
3 0x0000000080000226 (0x01178463)
3 0x000000008000022a (0xfeb640e3)
3 0x000000008000020a (0x00074783) x15 0x00000000000000ef
3 0x000000008000020e (0x0207f793) x15 0x0000000000000020
3 0x0000000080000212 (0xdfe5)
3 0x0000000080000214 (0x0006c783) x15 0x0000000000000020
3 0x0000000080000218 (0x0685) x13 0x0000000080000c15
3 0x000000008000021a (0x00d8063b) x12 0x0000000000000014
3 0x000000008000021e (0x00f50023)
3 0x0000000080000222 (0xfff6c783) x15 0x0000000000000020
3 0x0000000080000226 (0x01178463)
3 0x000000008000022a (0xfeb640e3)
3 0x000000008000020a (0x00074783) x15 0x00000000000000ef
3 0x000000008000020e (0x0207f793) x15 0x0000000000000020
3 0x0000000080000212 (0xdfe5)
3 0x0000000080000214 (0x0006c783) x15 0x0000000000000068
3 0x0000000080000218 (0x0685) x13 0x0000000080000c16
3 0x000000008000021a (0x00d8063b) x12 0x0000000000000015
3 0x000000008000021e (0x00f50023)
3 0x0000000080000222 (0xfff6c783) x15 0x0000000000000068
3 0x0000000080000226 (0x01178463)
3 0x000000008000022a (0xfeb640e3)
3 0x000000008000020a (0x00074783) x15 0x00000000000000ef
3 0x000000008000020e (0x0207f793) x15 0x0000000000000020
3 0x0000000080000212 (0xdfe5)
3 0x0000000080000214 (0x0006c783) x15 0x0000000000000061
3 0x0000000080000218 (0x0685) x13 0x0000000080000c17
3 0x000000008000021a (0x00d8063b) x12 0x0000000000000016
3 0x000000008000021e (0x00f50023)
3 0x0000000080000222 (0xfff6c783) x15 0x0000000000000061
3 0x0000000080000226 (0x01178463)
3 0x000000008000022a (0xfeb640e3)
3 0x000000008000020a (0x00074783) x15 0x00000000000000ef
3 0x000000008000020e (0x0207f793) x15 0x0000000000000020
3 0x0000000080000212 (0xdfe5)
3 0x0000000080000214 (0x0006c783) x15 0x0000000000000072
3 0x0000000080000218 (0x0685) x13 0x0000000080000c18
3 0x000000008000021a (0x00d8063b) x12 0x0000000000000017
3 0x000000008000021e (0x00f50023)
3 0x0000000080000222 (0xfff6c783) x15 0x0000000000000072
3 0x0000000080000226 (0x01178463)
3 0x000000008000022a (0xfeb640e3)
3 0x000000008000020a (0x00074783) x15 0x00000000000000ef
3 0x000000008000020e (0x0207f793) x15 0x0000000000000020
3 0x0000000080000212 (0xdfe5)
3 0x0000000080000214 (0x0006c783) x15 0x0000000000000074
3 0x0000000080000218 (0x0685) x13 0x0000000080000c19
3 0x000000008000021a (0x00d8063b) x12 0x0000000000000018
3 0x000000008000021e (0x00f50023)
3 0x0000000080000222 (0xfff6c783) x15 0x0000000000000074
3 0x0000000080000226 (0x01178463)
3 0x000000008000022a (0xfeb640e3)
3 0x000000008000020a (0x00074783) x15 0x00000000000000ef
3 0x000000008000020e (0x0207f793) x15 0x0000000000000020
3 0x0000000080000212 (0xdfe5)
3 0x0000000080000214 (0x0006c783) x15 0x0000000000000020
3 0x0000000080000218 (0x0685) x13 0x0000000080000c1a
3 0x000000008000021a (0x00d8063b) x12 0x0000000000000019
3 0x000000008000021e (0x00f50023)
3 0x0000000080000222 (0xfff6c783) x15 0x0000000000000020
3 0x0000000080000226 (0x01178463)
3 0x000000008000022a (0xfeb640e3)
3 0x000000008000020a (0x00074783) x15 0x00000000000000ef
3 0x000000008000020e (0x0207f793) x15 0x0000000000000020
3 0x0000000080000212 (0xdfe5)
3 0x0000000080000214 (0x0006c783) x15 0x0000000000000030
3 0x0000000080000218 (0x0685) x13 0x0000000080000c1b
3 0x000000008000021a (0x00d8063b) x12 0x000000000000001a
3 0x000000008000021e (0x00f50023)
3 0x0000000080000222 (0xfff6c783) x15 0x0000000000000030
3 0x0000000080000226 (0x01178463)
3 0x000000008000022a (0xfeb640e3)
3 0x000000008000020a (0x00074783) x15 0x00000000000000ef
3 0x000000008000020e (0x0207f793) x15 0x0000000000000020
3 0x0000000080000212 (0xdfe5)
3 0x0000000080000214 (0x0006c783) x15 0x0000000000000020
3 0x0000000080000218 (0x0685) x13 0x0000000080000c1c
3 0x000000008000021a (0x00d8063b) x12 0x000000000000001b
3 0x000000008000021e (0x00f50023)
3 0x0000000080000222 (0xfff6c783) x15 0x0000000000000020
3 0x0000000080000226 (0x01178463)
3 0x000000008000022a (0xfeb640e3)
3 0x000000008000020a (0x00074783) x15 0x00000000000000ef
3 0x000000008000020e (0x0207f793) x15 0x0000000000000020
3 0x0000000080000212 (0xdfe5)
3 0x0000000080000214 (0x0006c783) x15 0x000000000000006f
3 0x0000000080000218 (0x0685) x13 0x0000000080000c1d
3 0x000000008000021a (0x00d8063b) x12 0x000000000000001c
3 0x000000008000021e (0x00f50023)
3 0x0000000080000222 (0xfff6c783) x15 0x000000000000006f
3 0x0000000080000226 (0x01178463)
3 0x000000008000022a (0xfeb640e3)
3 0x000000008000020a (0x00074783) x15 0x00000000000000ef
3 0x000000008000020e (0x0207f793) x15 0x0000000000000020
3 0x0000000080000212 (0xdfe5)
3 0x0000000080000214 (0x0006c783) x15 0x0000000000000066
3 0x0000000080000218 (0x0685) x13 0x0000000080000c1e
3 0x000000008000021a (0x00d8063b) x12 0x000000000000001d
3 0x000000008000021e (0x00f50023)
3 0x0000000080000222 (0xfff6c783) x15 0x0000000000000066
3 0x0000000080000226 (0x01178463)
3 0x000000008000022a (0xfeb640e3)
3 0x000000008000020a (0x00074783) x15 0x00000000000000ef
3 0x000000008000020e (0x0207f793) x15 0x0000000000000020
3 0x0000000080000212 (0xdfe5)
3 0x0000000080000214 (0x0006c783) x15 0x0000000000000020
3 0x0000000080000218 (0x0685) x13 0x0000000080000c1f
3 0x000000008000021a (0x00d8063b) x12 0x000000000000001e
3 0x000000008000021e (0x00f50023)
3 0x0000000080000222 (0xfff6c783) x15 0x0000000000000020
3 0x0000000080000226 (0x01178463)
3 0x000000008000022a (0xfeb640e3)
3 0x000000008000020a (0x00074783) x15 0x00000000000000ef
3 0x000000008000020e (0x0207f793) x15 0x0000000000000020
3 0x0000000080000212 (0xdfe5)
3 0x0000000080000214 (0x0006c783) x15 0x0000000000000031
3 0x0000000080000218 (0x0685) x13 0x0000000080000c20
3 0x000000008000021a (0x00d8063b) x12 0x000000000000001f
3 0x000000008000021e (0x00f50023)
3 0x0000000080000222 (0xfff6c783) x15 0x0000000000000031
3 0x0000000080000226 (0x01178463)
3 0x000000008000022a (0xfeb640e3)
3 0x000000008000020a (0x00074783) x15 0x00000000000000ef
3 0x000000008000020e (0x0207f793) x15 0x0000000000000020
3 0x0000000080000212 (0xdfe5)
3 0x0000000080000214 (0x0006c783) x15 0x0000000000000020
3 0x0000000080000218 (0x0685) x13 0x0000000080000c21
3 0x000000008000021a (0x00d8063b) x12 0x0000000000000020
3 0x000000008000021e (0x00f50023)
3 0x0000000080000222 (0xfff6c783) x15 0x0000000000000020
3 0x0000000080000226 (0x01178463)
3 0x000000008000022a (0xfeb640e3)
3 0x000000008000020a (0x00074783) x15 0x00000000000000ef
3 0x000000008000020e (0x0207f793) x15 0x0000000000000020
3 0x0000000080000212 (0xdfe5)
3 0x0000000080000214 (0x0006c783) x15 0x0000000000000068
3 0x0000000080000218 (0x0685) x13 0x0000000080000c22
3 0x000000008000021a (0x00d8063b) x12 0x0000000000000021
3 0x000000008000021e (0x00f50023)
3 0x0000000080000222 (0xfff6c783) x15 0x0000000000000068
3 0x0000000080000226 (0x01178463)
3 0x000000008000022a (0xfeb640e3)
3 0x000000008000020a (0x00074783) x15 0x00000000000000ef
3 0x000000008000020e (0x0207f793) x15 0x0000000000000020
3 0x0000000080000212 (0xdfe5)
3 0x0000000080000214 (0x0006c783) x15 0x0000000000000061
3 0x0000000080000218 (0x0685) x13 0x0000000080000c23
3 0x000000008000021a (0x00d8063b) x12 0x0000000000000022
3 0x000000008000021e (0x00f50023)
3 0x0000000080000222 (0xfff6c783) x15 0x0000000000000061
3 0x0000000080000226 (0x01178463)
3 0x000000008000022a (0xfeb640e3)
3 0x000000008000020a (0x00074783) x15 0x00000000000000ef
3 0x000000008000020e (0x0207f793) x15 0x0000000000000020
3 0x0000000080000212 (0xdfe5)
3 0x0000000080000214 (0x0006c783) x15 0x0000000000000072
3 0x0000000080000218 (0x0685) x13 0x0000000080000c24
3 0x000000008000021a (0x00d8063b) x12 0x0000000000000023
3 0x000000008000021e (0x00f50023)
3 0x0000000080000222 (0xfff6c783) x15 0x0000000000000072
3 0x0000000080000226 (0x01178463)
3 0x000000008000022a (0xfeb640e3)
3 0x000000008000020a (0x00074783) x15 0x00000000000000ef
3 0x000000008000020e (0x0207f793) x15 0x0000000000000020
3 0x0000000080000212 (0xdfe5)
3 0x0000000080000214 (0x0006c783) x15 0x0000000000000074
3 0x0000000080000218 (0x0685) x13 0x0000000080000c25
3 0x000000008000021a (0x00d8063b) x12 0x0000000000000024
3 0x000000008000021e (0x00f50023)
3 0x0000000080000222 (0xfff6c783) x15 0x0000000000000074
3 0x0000000080000226 (0x01178463)
3 0x000000008000022a (0xfeb640e3)
3 0x000000008000020a (0x00074783) x15 0x00000000000000ef
3 0x000000008000020e (0x0207f793) x15 0x0000000000000020
3 0x0000000080000212 (0xdfe5)
3 0x0000000080000214 (0x0006c783) x15 0x0000000000000073
3 0x0000000080000218 (0x0685) x13 0x0000000080000c26
3 0x000000008000021a (0x00d8063b) x12 0x0000000000000025
3 0x000000008000021e (0x00f50023)
3 0x0000000080000222 (0xfff6c783) x15 0x0000000000000073
3 0x0000000080000226 (0x01178463)
3 0x000000008000022a (0xfeb640e3)
3 0x000000008000020a (0x00074783) x15 0x00000000000000ef
3 0x000000008000020e (0x0207f793) x15 0x0000000000000020
3 0x0000000080000212 (0xdfe5)
3 0x0000000080000214 (0x0006c783) x15 0x0000000000000021
3 0x0000000080000218 (0x0685) x13 0x0000000080000c27
3 0x000000008000021a (0x00d8063b) x12 0x0000000000000026
3 0x000000008000021e (0x00f50023)
3 0x0000000080000222 (0xfff6c783) x15 0x0000000000000021
3 0x0000000080000226 (0x01178463)
3 0x000000008000022a (0xfeb640e3)
3 0x000000008000020a (0x00074783) x15 0x00000000000000ef
3 0x000000008000020e (0x0207f793) x15 0x0000000000000020
3 0x0000000080000212 (0xdfe5)
3 0x0000000080000214 (0x0006c783) x15 0x000000000000000a
3 0x0000000080000218 (0x0685) x13 0x0000000080000c28
3 0x000000008000021a (0x00d8063b) x12 0x0000000000000027
3 0x000000008000021e (0x00f50023)
3 0x0000000080000222 (0xfff6c783) x15 0x000000000000000a
3 0x0000000080000226 (0x01178463)
3 0x000000008000022e (0x04022023)
3 0x0000000080000232 (0x4501) x10 0x0000000000000000
3 0x0000000080000234 (0x8082)
3 0x000000008000026a (0x00044503) x10 0x0000000000000000
3 0x000000008000026e (0xff551ae3)
3 0x0000000080000262 (0xc131)
3 0x00000000800002a6 (0x60f6) x 1 0x0000000080000696
3 0x00000000800002a8 (0x6456) x 8 0x0000000080000ba8
3 0x00000000800002aa (0x64b6) x 9 0x0000000000000000
3 0x00000000800002ac (0x6916) x18 0x0000000080020b8f
3 0x00000000800002ae (0x79f2) x19 0x0000000000000000
3 0x00000000800002b0 (0x7a52) x20 0x0000000000000000
3 0x00000000800002b2 (0x7ab2) x21 0x0000000000000000
3 0x00000000800002b4 (0x7b12) x22 0x0000000000000000
3 0x00000000800002b6 (0x6bf2) x23 0x0000000000000000
3 0x00000000800002b8 (0x6c52) x24 0x0000000000000000
3 0x00000000800002ba (0x6cb2) x25 0x0000000000000000
3 0x00000000800002bc (0x6d12) x26 0x0000000000000000
3 0x00000000800002be (0x6135) x 2 0x0000000080020ad0
3 0x00000000800002c0 (0x8082)
3 0x0000000080000696 (0x60e2) x 1 0x000000008000091a
3 0x0000000080000698 (0x4501) x10 0x0000000000000000
3 0x000000008000069a (0x6125) x 2 0x0000000080020b30
3 0x000000008000069c (0x8082)
3 0x000000008000091a (0x4785) x15 0x0000000000000001
3 0x000000008000091c (0x00f4202f)
3 0x0000000080000920 (0x60a2) x 1 0x0000000080000708
3 0x0000000080000922 (0x6402) x 8 0x0000000000000001
3 0x0000000080000924 (0x4501) x10 0x0000000000000000
3 0x0000000080000926 (0x0141) x 2 0x0000000080020b40
3 0x0000000080000928 (0x8082)
3 0x0000000080000708 (0xfc097913) x18 0x0000000080020b80
3 0x000000008000070c (0x89aa) x19 0x0000000000000000
3 0x000000008000070e (0x9e818713) x14 0x0000000080000bb0
3 0x0000000080000712 (0x4785) x15 0x0000000000000001
3 0x0000000080000714 (0x00f7202f)
3 0x0000000080000718 (0x0004059b) x11 0x0000000000000001
3 0x000000008000071c (0x431c) x15 0x0000000000000001
3 0x000000008000071e (0x2781) x15 0x0000000000000001
3 0x0000000080000720 (0xfeb79ee3)
3 0x0000000080000724 (0x0004871b) x14 0x0000000000000000
3 0x0000000080000728 (0x9e418413) x 8 0x0000000080000bac
3 0x000000008000072c (0x401c) x15 0x0000000000000000
3 0x000000008000072e (0x2781) x15 0x0000000000000000
3 0x0000000080000730 (0xfee79ee3)
3 0x0000000080000734 (0x9f018a13) x20 0x0000000080000bb8
3 0x0000000080000738 (0x000a3703) x14 0x0000000000000000
3 0x000000008000073c (0xef05)
3 0x000000008000073e (0x008a3703) x14 0x0000000000000000
3 0x0000000080000742 (0xe719)
3 0x0000000080000744 (0x4785) x15 0x0000000000000001
3 0x0000000080000746 (0x00f4202f)
3 0x000000008000074a (0x854e) x10 0x0000000000000000
3 0x000000008000074c (0xe6dff0ef) x 1 0x0000000080000750
3 0x00000000800005b8 (0x1141) x 2 0x0000000080020b30
3 0x00000000800005ba (0xe406)
3 0x00000000800005bc (0xfe3ff0ef) x 1 0x00000000800005c0
3 0x000000008000059e (0x1141) x 2 0x0000000080020b20
3 0x00000000800005a0 (0xe406)
3 0x00000000800005a2 (0xc119)
3 0x00000000800005a8 (0xfc1ff0ef) x 1 0x00000000800005ac
3 0x0000000080000568 (0xa001)
3 0x0000000080000568 (0xa001)
